Command line:
   tx_uart_tb_isim_beh.exe
     -simmode  gui
     -simrunnum  0
     -socket  53940

Sun Apr 07 17:55:56 2019


 Elaboration Time: 0.171875 sec

 Current Memory Usage: 5984.78 Meg

 Total Signals          : 20
 Total Nets             : 20
 Total Signal Drivers   : 13
 Total Blocks           : 3
 Total Primitive Blocks : 2
 Total Processes        : 5
 Total Traceable Variables  : 11
 Total Scalar Nets and Variables : 383
Total Line Count : 60

 Total Simulation Time: 0.40625 sec

 Current Memory Usage: 5355.6 Meg

Sun Apr 07 18:10:51 2019

