Command line:
   rx_uart_tb_isim_beh.exe
     -simmode  gui
     -simrunnum  0
     -socket  50261

Wed Mar 20 17:47:22 2019


 Elaboration Time: 0.046875 sec

 Current Memory Usage: 5174.01 Meg

 Total Signals          : 17
 Total Nets             : 25
 Total Signal Drivers   : 11
 Total Blocks           : 4
 Total Primitive Blocks : 3
 Total Processes        : 5
 Total Traceable Variables  : 16
 Total Scalar Nets and Variables : 511
Total Line Count : 55

 Total Simulation Time: 0.265625 sec

 Current Memory Usage: 5016.73 Meg

Wed Mar 20 17:50:12 2019

