ISim log file
Running: C:\CPE_USERS\TPelec_4ETI\UART\uart_tb_isim_beh.exe -intstyle ise -gui -tclbatch isim.cmd -wdb C:/CPE_USERS/TPelec_4ETI/UART/uart_tb_isim_beh.wdb 
ISim P.68d (signature 0x7708f090)
----------------------------------------------------------------------
INFO:Security:50 - The XILINXD_LICENSE_FILE environment variable is set to '2100@srvlicaspen'.
INFO:Security:52 - The LM_LICENSE_FILE environment variable is set to '2100@srvlicaspen'.
WARNING:Security:43 - No license file was found in the standard Xilinx license directory.
WARNING:Security:44 - Since no license file was found,
       please run the Xilinx License Configuration Manager
       (xlcm or "Manage Xilinx Licenses")
       to assist in obtaining a license.
WARNING:Security:42 - Your software subscription period has lapsed. Your current version of Xilinx tools will continue to function, but you no longer qualify for Xilinx software updates or new releases.


----------------------------------------------------------------------
This is a Full version of ISim.
Time resolution is 1 ps
# onerror resume
# wave add /
# run 15000 ms
Simulator is doing circuit initialization process.
Finished circuit initialization process.
Stopped at time : 1641277520 ns : File "C:/CPE_USERS/TPelec_4ETI/UART/UART.vhd" Line 113
