Command line:
   uart_tb_isim_beh.exe
     -simmode  gui
     -simrunnum  1
     -socket  53921

Sun Apr 07 17:54:18 2019


 Elaboration Time: 0.125 sec

 Current Memory Usage: 5985.45 Meg

 Total Signals          : 54
 Total Nets             : 49
 Total Signal Drivers   : 23
 Total Blocks           : 7
 Total Primitive Blocks : 5
 Total Processes        : 10
 Total Traceable Variables  : 16
 Total Scalar Nets and Variables : 535
Total Line Count : 114

 Total Simulation Time: 0.421875 sec

 Current Memory Usage: 5985.45 Meg

Sun Apr 07 17:54:25 2019

